[0m15:37:12.579047 [debug] [MainThread]: Sending event: {'category': 'dbt', 'action': 'invocation', 'label': 'start', 'context': [<snowplow_tracker.self_describing_json.SelfDescribingJson object at 0x71a93eb38d70>, <snowplow_tracker.self_describing_json.SelfDescribingJson object at 0x71a93e0b3c80>, <snowplow_tracker.self_describing_json.SelfDescribingJson object at 0x71a93ee70170>]}


============================== 15:37:12.586405 | b8474869-42ba-4161-b8a0-27dd1733e636 ==============================
[0m15:37:12.586405 [info ] [MainThread]: Running with dbt=1.11.6
[0m15:37:12.588151 [debug] [MainThread]: running dbt with arguments {'debug': 'False', 'indirect_selection': 'eager', 'warn_error': 'None', 'use_colors': 'True', 'no_print': 'None', 'log_cache_events': 'False', 'introspect': 'True', 'invocation_command': 'dbt debug', 'warn_error_options': 'WarnErrorOptionsV2(error=[], warn=[], silence=[])', 'version_check': 'True', 'target_path': 'None', 'log_format': 'default', 'write_json': 'True', 'profiles_dir': '/home/hanse/Documents/dbt_projects/DBT_PROJECTS/example_project', 'empty': 'None', 'printer_width': '80', 'send_anonymous_usage_stats': 'True', 'use_experimental_parser': 'False', 'cache_selected_only': 'False', 'log_path': '/home/hanse/Documents/dbt_projects/DBT_PROJECTS/example_project/logs', 'static_parser': 'True', 'fail_fast': 'False', 'quiet': 'False', 'partial_parse': 'True'}
[0m15:37:12.614049 [info ] [MainThread]: dbt version: 1.11.6
[0m15:37:12.615553 [info ] [MainThread]: python version: 3.12.3
[0m15:37:12.616867 [info ] [MainThread]: python path: /home/hanse/Documents/dbt_projects/virtualenv/bin/python3.12
[0m15:37:12.618155 [info ] [MainThread]: os info: Linux-6.17.0-14-generic-x86_64-with-glibc2.39
[0m15:37:19.489354 [error] [MainThread]: Encountered an error:

[0m15:37:19.507248 [error] [MainThread]: Traceback (most recent call last):
  File "/home/hanse/Documents/dbt_projects/virtualenv/lib/python3.12/site-packages/dbt/cli/requires.py", line 182, in wrapper
    result, success = func(*args, **kwargs)
                      ^^^^^^^^^^^^^^^^^^^^^
  File "/home/hanse/Documents/dbt_projects/virtualenv/lib/python3.12/site-packages/dbt/cli/requires.py", line 128, in wrapper
    return func(*args, **kwargs)
           ^^^^^^^^^^^^^^^^^^^^^
  File "/home/hanse/Documents/dbt_projects/virtualenv/lib/python3.12/site-packages/dbt/cli/main.py", line 420, in debug
    results = task.run()
              ^^^^^^^^^^
  File "/home/hanse/Documents/dbt_projects/virtualenv/lib/python3.12/site-packages/dbt/task/debug.py", line 114, in run
    load_profile_status: SubtaskStatus = self._load_profile()
                                         ^^^^^^^^^^^^^^^^^^^^
  File "/home/hanse/Documents/dbt_projects/virtualenv/lib/python3.12/site-packages/dbt/task/debug.py", line 205, in _load_profile
    profile: Profile = Profile.render(
                       ^^^^^^^^^^^^^^^
  File "/home/hanse/Documents/dbt_projects/virtualenv/lib/python3.12/site-packages/dbt/config/profile.py", line 404, in render
    return cls.from_raw_profiles(
           ^^^^^^^^^^^^^^^^^^^^^^
  File "/home/hanse/Documents/dbt_projects/virtualenv/lib/python3.12/site-packages/dbt/config/profile.py", line 370, in from_raw_profiles
    return cls.from_raw_profile_info(
           ^^^^^^^^^^^^^^^^^^^^^^^^^^
  File "/home/hanse/Documents/dbt_projects/virtualenv/lib/python3.12/site-packages/dbt/config/profile.py", line 326, in from_raw_profile_info
    credentials: Credentials = cls._credentials_from_profile(
                               ^^^^^^^^^^^^^^^^^^^^^^^^^^^^^^
  File "/home/hanse/Documents/dbt_projects/virtualenv/lib/python3.12/site-packages/dbt/config/profile.py", line 150, in _credentials_from_profile
    cls = load_plugin(typename)
          ^^^^^^^^^^^^^^^^^^^^^
  File "/home/hanse/Documents/dbt_projects/virtualenv/lib/python3.12/site-packages/dbt/adapters/factory.py", line 239, in load_plugin
    return FACTORY.load_plugin(name)
           ^^^^^^^^^^^^^^^^^^^^^^^^^
  File "/home/hanse/Documents/dbt_projects/virtualenv/lib/python3.12/site-packages/dbt/adapters/factory.py", line 68, in load_plugin
    mod: Any = import_module("." + name, "dbt.adapters")
               ^^^^^^^^^^^^^^^^^^^^^^^^^^^^^^^^^^^^^^^^^
  File "/usr/lib/python3.12/importlib/__init__.py", line 90, in import_module
    return _bootstrap._gcd_import(name[level:], package, level)
           ^^^^^^^^^^^^^^^^^^^^^^^^^^^^^^^^^^^^^^^^^^^^^^^^^^^^
  File "<frozen importlib._bootstrap>", line 1387, in _gcd_import
  File "<frozen importlib._bootstrap>", line 1360, in _find_and_load
  File "<frozen importlib._bootstrap>", line 1331, in _find_and_load_unlocked
  File "<frozen importlib._bootstrap>", line 935, in _load_unlocked
  File "<frozen importlib._bootstrap_external>", line 995, in exec_module
  File "<frozen importlib._bootstrap>", line 488, in _call_with_frames_removed
  File "/home/hanse/Documents/dbt_projects/virtualenv/lib/python3.12/site-packages/dbt/adapters/bigquery/__init__.py", line 4, in <module>
    from dbt.adapters.bigquery.impl import BigQueryAdapter, GrantTarget, PartitionConfig
  File "/home/hanse/Documents/dbt_projects/virtualenv/lib/python3.12/site-packages/dbt/adapters/bigquery/impl.py", line 70, in <module>
    from dbt.adapters.bigquery.python_submissions import (
  File "/home/hanse/Documents/dbt_projects/virtualenv/lib/python3.12/site-packages/dbt/adapters/bigquery/python_submissions.py", line 28, in <module>
    from google.cloud.aiplatform import gapic as aiplatform_gapic
  File "/home/hanse/Documents/dbt_projects/virtualenv/lib/python3.12/site-packages/google/cloud/aiplatform/__init__.py", line 34, in <module>
    from google.cloud.aiplatform import gapic
  File "/home/hanse/Documents/dbt_projects/virtualenv/lib/python3.12/site-packages/google/cloud/aiplatform/gapic/__init__.py", line 20, in <module>
    from google.cloud.aiplatform.gapic import schema
  File "/home/hanse/Documents/dbt_projects/virtualenv/lib/python3.12/site-packages/google/cloud/aiplatform/gapic/schema/__init__.py", line 18, in <module>
    from google.cloud.aiplatform.v1.schema import predict
  File "/home/hanse/Documents/dbt_projects/virtualenv/lib/python3.12/site-packages/google/cloud/aiplatform/v1/schema/__init__.py", line 18, in <module>
    from google.cloud.aiplatform.v1.schema import predict
  File "/home/hanse/Documents/dbt_projects/virtualenv/lib/python3.12/site-packages/google/cloud/aiplatform/v1/schema/predict/__init__.py", line 20, in <module>
    from google.cloud.aiplatform.v1.schema.predict import prediction
  File "/home/hanse/Documents/dbt_projects/virtualenv/lib/python3.12/site-packages/google/cloud/aiplatform/v1/schema/predict/prediction/__init__.py", line 23, in <module>
    from google.cloud.aiplatform.v1.schema.predict.prediction_v1.types.classification import (
  File "/home/hanse/Documents/dbt_projects/virtualenv/lib/python3.12/site-packages/google/cloud/aiplatform/v1/schema/predict/prediction_v1/__init__.py", line 47, in <module>
    api_core.check_python_version("google.cloud.aiplatform.v1.schema.predict.prediction_v1")  # type: ignore
    ^^^^^^^^^^^^^^^^^^^^^^^^^^^^^^^^^^^^^^^^^^^^^^^^^^^^^^^^^^^^^^^^^^^^^^^^^^^^^^^^^^^^^^^^
  File "/home/hanse/Documents/dbt_projects/virtualenv/lib/python3.12/site-packages/google/api_core/_python_version_support.py", line 210, in check_python_version
    package_label, _ = _get_distribution_and_import_packages(package)
                       ^^^^^^^^^^^^^^^^^^^^^^^^^^^^^^^^^^^^^^^^^^^^^^
  File "/home/hanse/Documents/dbt_projects/virtualenv/lib/python3.12/site-packages/google/api_core/_python_version_support.py", line 189, in _get_distribution_and_import_packages
    distribution_package = _get_pypi_package_name(import_package)
                           ^^^^^^^^^^^^^^^^^^^^^^^^^^^^^^^^^^^^^^
  File "/home/hanse/Documents/dbt_projects/virtualenv/lib/python3.12/site-packages/google/api_core/_python_version_support.py", line 171, in _get_pypi_package_name
    module_to_distributions = metadata.packages_distributions()
                              ^^^^^^^^^^^^^^^^^^^^^^^^^^^^^^^^^
  File "/usr/lib/python3.12/importlib/metadata/__init__.py", line 947, in packages_distributions
    for pkg in _top_level_declared(dist) or _top_level_inferred(dist):
                                            ^^^^^^^^^^^^^^^^^^^^^^^^^
  File "/usr/lib/python3.12/importlib/metadata/__init__.py", line 959, in _top_level_inferred
    for f in always_iterable(dist.files)
                             ^^^^^^^^^^
  File "/home/hanse/Documents/dbt_projects/virtualenv/lib/python3.12/site-packages/importlib_metadata/__init__.py", line 604, in files
    return skip_missing_files(
           ^^^^^^^^^^^^^^^^^^^
  File "/home/hanse/Documents/dbt_projects/virtualenv/lib/python3.12/site-packages/importlib_metadata/_functools.py", line 103, in wrapper
    return func(param, *args, **kwargs)
           ^^^^^^^^^^^^^^^^^^^^^^^^^^^^
  File "/home/hanse/Documents/dbt_projects/virtualenv/lib/python3.12/site-packages/importlib_metadata/__init__.py", line 602, in skip_missing_files
    return list(filter(lambda path: path.locate().exists(), package_paths))
           ^^^^^^^^^^^^^^^^^^^^^^^^^^^^^^^^^^^^^^^^^^^^^^^^^^^^^^^^^^^^^^^^
  File "/home/hanse/Documents/dbt_projects/virtualenv/lib/python3.12/site-packages/importlib_metadata/__init__.py", line 602, in <lambda>
    return list(filter(lambda path: path.locate().exists(), package_paths))
                                    ^^^^^^^^^^^^^^^^^^^^^^
  File "/usr/lib/python3.12/pathlib.py", line 862, in exists
    self.stat(follow_symlinks=follow_symlinks)
  File "/usr/lib/python3.12/pathlib.py", line 842, in stat
    return os.stat(self, follow_symlinks=follow_symlinks)
           ^^^^^^^^^^^^^^^^^^^^^^^^^^^^^^^^^^^^^^^^^^^^^^
KeyboardInterrupt

[0m15:37:19.510460 [debug] [MainThread]: Resource report: {"command_name": "debug", "command_success": false, "command_wall_clock_time": 7.0598645, "process_in_blocks": "184", "process_kernel_time": 1.522885, "process_mem_max_rss": "377116", "process_out_blocks": "32", "process_user_time": 8.250125}
[0m15:37:19.511872 [debug] [MainThread]: Command `dbt debug` failed at 15:37:19.511651 after 7.06 seconds
[0m15:37:19.512877 [debug] [MainThread]: Sending event: {'category': 'dbt', 'action': 'invocation', 'label': 'end', 'context': [<snowplow_tracker.self_describing_json.SelfDescribingJson object at 0x71a93e001850>, <snowplow_tracker.self_describing_json.SelfDescribingJson object at 0x71a91ba0f650>, <snowplow_tracker.self_describing_json.SelfDescribingJson object at 0x71a91c7ba720>]}
[0m15:37:19.513937 [debug] [MainThread]: Flushing usage events
[0m15:37:19.694065 [debug] [MainThread]: An error was encountered while trying to flush usage events
[0m15:37:23.727488 [debug] [MainThread]: Sending event: {'category': 'dbt', 'action': 'invocation', 'label': 'start', 'context': [<snowplow_tracker.self_describing_json.SelfDescribingJson object at 0x72b974fafd70>, <snowplow_tracker.self_describing_json.SelfDescribingJson object at 0x72b975a423c0>, <snowplow_tracker.self_describing_json.SelfDescribingJson object at 0x72b974fae660>]}


============================== 15:37:23.731777 | 362c5621-9d0e-45bb-9744-aa603a665bf2 ==============================
[0m15:37:23.731777 [info ] [MainThread]: Running with dbt=1.11.6
[0m15:37:23.732556 [debug] [MainThread]: running dbt with arguments {'debug': 'False', 'invocation_command': 'dbt parse --quiet', 'introspect': 'True', 'partial_parse': 'True', 'send_anonymous_usage_stats': 'True', 'no_print': 'None', 'empty': 'None', 'cache_selected_only': 'False', 'use_experimental_parser': 'False', 'write_json': 'True', 'use_colors': 'True', 'version_check': 'True', 'warn_error': 'None', 'profiles_dir': '/home/hanse/Documents/dbt_projects/DBT_PROJECTS/example_project', 'indirect_selection': 'eager', 'fail_fast': 'False', 'log_path': '/home/hanse/Documents/dbt_projects/DBT_PROJECTS/example_project/logs', 'quiet': 'True', 'warn_error_options': 'WarnErrorOptionsV2(error=[], warn=[], silence=[])', 'log_cache_events': 'False', 'printer_width': '80', 'target_path': 'None', 'static_parser': 'True', 'log_format': 'default'}
==================== 2026-02-21T21:27:59.627443Z | 019c821a-2d89-7b93-830f-6e7856126c7b ====================
21:27:59.627591 [info ]: dbt-fusion 2.0.0-preview.126
21:27:59.627927 [info ]: Started loading project
21:27:59.632672 [info ]: Loading profiles.yml
21:27:59.651928 [info ]:    Started resolving packages from packages.yml
21:27:59.774204 [warn ]: dbt1065: Package 'dbt_utils' requires dbt version [>=1.3.0, <2.0.0], but current version is 2.0.0-preview.126. This package may not be compatible with your dbt version.
21:27:59.774318 [info ]:     Failed [  0.12s] resolving packages from packages.yml (error: Package not found in hub registry: 'dbt-labs/dbt_expectations')
21:27:59.774636 [info ]: Finished loading project [  0.15s]
21:27:59.774704 [error]: dbt1005: Package not found in hub registry: 'dbt-labs/dbt_expectations'
21:27:59.893340 [info ]: 
==================== Execution Summary =====================
Finished 'deps' with 1 warning and 1 error [265ms]
==================== 2026-02-21T21:28:09.016674Z | 019c821a-5236-78e0-b44c-6b9a10085e88 ====================
21:28:09.016998 [info ]: dbt-fusion 2.0.0-preview.126
21:28:09.018737 [info ]: Started loading project
21:28:09.025896 [info ]: Loading profiles.yml
21:28:09.049690 [info ]: Loading packages.yml
21:28:09.050206 [info ]: Installing packages
21:28:09.068358 [info ]: Installing dbt-labs/dbt_utils
21:28:09.244203 [warn ]: dbt1065: Updated version available for dbt_utils@1.1.1: 1.3.3
21:28:09.511445 [info ]:  Installed dbt-labs/dbt_utils: 1.1.1
21:28:09.511691 [info ]: Installing dbt-labs/codegen
21:28:09.521905 [warn ]: dbt1065: Updated version available for codegen@0.12.0: 0.14.0
21:28:09.647888 [info ]:  Installed dbt-labs/codegen: 0.12.0
21:28:09.648261 [info ]:  Installed 2 packages
21:28:09.648665 [info ]: Finished loading project [  0.63s]
21:28:09.881612 [info ]: 
==================== Execution Summary =====================
Finished 'deps' with 2 warnings for target 'dev' [864ms]
