==================== 2026-02-21T20:03:16.122804Z | 019c81cc-9c18-71e2-9aec-b1d13254a52a ====================
20:03:16.122929 [info ]: Installing dbt project and profile setup
20:03:16.125475 [info ]: Info Created .vscode/extensions.json with dbt extension recommendation
20:03:16.125607 [info ]: Success Project created successfully!
20:03:16.125649 [info ]: Info Project name: jaffle_shop
20:03:16.125682 [info ]: Info Project directory: jaffle_shop
20:03:16.125720 [info ]: Info Setting up your profile...
20:03:16.126068 [info ]: Info Creating new profile...
20:03:31.083875 [info ]: No dbt_cloud.yml found - proceeding without cloud pre-population
20:07:50.328509 [info ]: Success Profile written to /home/hanse/.dbt/profiles.yml
20:07:50.328689 [info ]: Validating profile inputs, adapters, and connection

20:07:50.328812 [info ]: dbt-fusion 2.0.0-preview.126
20:07:50.329224 [info ]: Started loading project
20:07:50.336120 [info ]: Loading ~/.dbt/profiles.yml
20:07:50.338582 [info ]: Finished loading project [  0.01s]
20:07:50.338839 [info ]: Started debugging
20:07:50.338956 [info ]: Debugging profile: dev
20:07:50.339214 [info ]: Debugging dbt version: 2.0.0-preview.126
20:07:50.339316 [info ]: Debugging platform: linux x86_64 (unix)
20:07:50.339471 [info ]: Debugging adapter type: bigquery (remote)
20:07:50.351232 [info ]: Debugging dependencies:
  git: OK
20:07:50.351553 [info ]: Debugging connection:
  "database": "dbt-bigquery-integration",
  "schema": "dbt_02_21_26",
  "method": "oauth",
  "location": "us_east1",
  "dataproc_batch": null
20:07:54.238581 [debug]: Query executed on node unknown:
select 1 as id
20:07:55.254009 [info ]: Finished debugging [  4.92s]
20:07:55.254187 [error]: dbt1011: [BigQuery] googleapi: Error 400: Location us_east1 does not support this operation., badRequest
[0m15:36:54.319624 [debug] [MainThread]: Got an exception trying to initialize tracking


============================== 15:36:54.329314 | ff68c078-2b33-4770-88d3-28f8d242a8f4 ==============================
[0m15:36:54.329314 [info ] [MainThread]: Running with dbt=1.11.6
[0m15:36:54.330990 [debug] [MainThread]: running dbt with arguments {'empty': 'None', 'quiet': 'False', 'use_experimental_parser': 'False', 'target_path': 'None', 'log_format': 'default', 'write_json': 'True', 'profiles_dir': '/home/hanse/.dbt', 'no_print': 'None', 'indirect_selection': 'eager', 'static_parser': 'True', 'debug': 'False', 'partial_parse': 'True', 'printer_width': '80', 'introspect': 'True', 'version_check': 'True', 'use_colors': 'True', 'log_cache_events': 'False', 'log_path': 'logs', 'warn_error_options': 'WarnErrorOptionsV2(error=[], warn=[], silence=[])', 'send_anonymous_usage_stats': 'True', 'warn_error': 'None', 'fail_fast': 'False', 'invocation_command': 'dbt debug', 'cache_selected_only': 'False'}
[0m15:36:54.352189 [info ] [MainThread]: dbt version: 1.11.6
[0m15:36:54.354104 [info ] [MainThread]: python version: 3.12.3
[0m15:36:54.355949 [info ] [MainThread]: python path: /home/hanse/Documents/dbt_projects/virtualenv/bin/python3.12
[0m15:36:54.358135 [info ] [MainThread]: os info: Linux-6.17.0-14-generic-x86_64-with-glibc2.39
[0m15:37:06.604494 [info ] [MainThread]: Using profiles dir at /home/hanse/.dbt
[0m15:37:06.605480 [info ] [MainThread]: Using profiles.yml file at /home/hanse/.dbt/profiles.yml
[0m15:37:06.606451 [info ] [MainThread]: Using dbt_project.yml file at /home/hanse/Documents/dbt_projects/dbt_project.yml
[0m15:37:06.607232 [info ] [MainThread]: adapter type: bigquery
[0m15:37:06.608459 [info ] [MainThread]: adapter version: 1.11.0
[0m15:37:06.609440 [info ] [MainThread]: Configuration:
[0m15:37:06.610438 [info ] [MainThread]:   profiles.yml file [[32mOK found and valid[0m]
[0m15:37:06.611304 [info ] [MainThread]:   dbt_project.yml file [[31mERROR not found[0m]
[0m15:37:06.612502 [info ] [MainThread]: Required dependencies:
[0m15:37:06.613383 [debug] [MainThread]: Executing "git --help"
[0m15:37:06.616492 [debug] [MainThread]: STDOUT: "b"usage: git [-v | --version] [-h | --help] [-C <path>] [-c <name>=<value>]\n           [--exec-path[=<path>]] [--html-path] [--man-path] [--info-path]\n           [-p | --paginate | -P | --no-pager] [--no-replace-objects] [--bare]\n           [--git-dir=<path>] [--work-tree=<path>] [--namespace=<name>]\n           [--config-env=<name>=<envvar>] <command> [<args>]\n\nThese are common Git commands used in various situations:\n\nstart a working area (see also: git help tutorial)\n   clone     Clone a repository into a new directory\n   init      Create an empty Git repository or reinitialize an existing one\n\nwork on the current change (see also: git help everyday)\n   add       Add file contents to the index\n   mv        Move or rename a file, a directory, or a symlink\n   restore   Restore working tree files\n   rm        Remove files from the working tree and from the index\n\nexamine the history and state (see also: git help revisions)\n   bisect    Use binary search to find the commit that introduced a bug\n   diff      Show changes between commits, commit and working tree, etc\n   grep      Print lines matching a pattern\n   log       Show commit logs\n   show      Show various types of objects\n   status    Show the working tree status\n\ngrow, mark and tweak your common history\n   branch    List, create, or delete branches\n   commit    Record changes to the repository\n   merge     Join two or more development histories together\n   rebase    Reapply commits on top of another base tip\n   reset     Reset current HEAD to the specified state\n   switch    Switch branches\n   tag       Create, list, delete or verify a tag object signed with GPG\n\ncollaborate (see also: git help workflows)\n   fetch     Download objects and refs from another repository\n   pull      Fetch from and integrate with another repository or a local branch\n   push      Update remote refs along with associated objects\n\n'git help -a' and 'git help -g' list available subcommands and some\nconcept guides. See 'git help <command>' or 'git help <concept>'\nto read about a specific subcommand or concept.\nSee 'git help git' for an overview of the system.\n""
[0m15:37:06.617207 [debug] [MainThread]: STDERR: "b''"
[0m15:37:06.618051 [info ] [MainThread]:  - git [[32mOK found[0m]

[0m15:37:06.618772 [info ] [MainThread]: Connection:
[0m15:37:06.620540 [info ] [MainThread]:   method: oauth
[0m15:37:06.621865 [info ] [MainThread]:   database: dbt-bigquery-integration
[0m15:37:06.622782 [info ] [MainThread]:   execution_project: dbt-bigquery-integration
[0m15:37:06.623595 [info ] [MainThread]:   schema: dbt_02_21_26
[0m15:37:06.624871 [info ] [MainThread]:   location: us_east1
[0m15:37:06.626292 [info ] [MainThread]:   priority: None
[0m15:37:06.627527 [info ] [MainThread]:   maximum_bytes_billed: None
[0m15:37:06.628455 [info ] [MainThread]:   impersonate_service_account: None
[0m15:37:06.629127 [info ] [MainThread]:   job_retry_deadline_seconds: None
[0m15:37:06.629870 [info ] [MainThread]:   job_retries: 1
[0m15:37:06.630818 [info ] [MainThread]:   job_creation_timeout_seconds: None
[0m15:37:06.631686 [info ] [MainThread]:   job_execution_timeout_seconds: None
[0m15:37:06.633052 [info ] [MainThread]:   timeout_seconds: None
[0m15:37:06.634707 [info ] [MainThread]:   client_id: None
[0m15:37:06.636283 [info ] [MainThread]:   token_uri: None
[0m15:37:06.637997 [info ] [MainThread]:   compute_region: None
[0m15:37:06.639846 [info ] [MainThread]:   dataproc_cluster_name: None
[0m15:37:06.642201 [info ] [MainThread]:   gcs_bucket: None
[0m15:37:06.643762 [info ] [MainThread]:   dataproc_batch: None
[0m15:37:06.645074 [info ] [MainThread]: Registered adapter: bigquery=1.11.0
[0m15:37:07.033389 [debug] [MainThread]: Acquiring new bigquery connection 'debug'
[0m15:37:07.033938 [debug] [MainThread]: On debug: select 1 as id
[0m15:37:07.034433 [debug] [MainThread]: Opening a new connection, currently in state init
[0m15:37:07.245654 [debug] [MainThread]: Opening a new connection, currently in state init
[0m15:37:08.613841 [error] [MainThread]: Encountered an error:

[0m15:37:08.623144 [error] [MainThread]: Traceback (most recent call last):
  File "/home/hanse/Documents/dbt_projects/virtualenv/lib/python3.12/site-packages/dbt/cli/requires.py", line 182, in wrapper
    result, success = func(*args, **kwargs)
                      ^^^^^^^^^^^^^^^^^^^^^
  File "/home/hanse/Documents/dbt_projects/virtualenv/lib/python3.12/site-packages/dbt/cli/requires.py", line 128, in wrapper
    return func(*args, **kwargs)
           ^^^^^^^^^^^^^^^^^^^^^
  File "/home/hanse/Documents/dbt_projects/virtualenv/lib/python3.12/site-packages/dbt/cli/main.py", line 420, in debug
    results = task.run()
              ^^^^^^^^^^
  File "/home/hanse/Documents/dbt_projects/virtualenv/lib/python3.12/site-packages/dbt/task/debug.py", line 144, in run
    connection_status = self.test_connection()
                        ^^^^^^^^^^^^^^^^^^^^^^
  File "/home/hanse/Documents/dbt_projects/virtualenv/lib/python3.12/site-packages/dbt/task/debug.py", line 465, in test_connection
    connection_result = self.attempt_connection(self.profile)
                        ^^^^^^^^^^^^^^^^^^^^^^^^^^^^^^^^^^^^^
  File "/home/hanse/Documents/dbt_projects/virtualenv/lib/python3.12/site-packages/dbt/task/debug.py", line 443, in attempt_connection
    adapter.debug_query()
  File "/home/hanse/Documents/dbt_projects/virtualenv/lib/python3.12/site-packages/dbt/adapters/bigquery/impl.py", line 1266, in debug_query
    self.execute("select 1 as id")
  File "/home/hanse/Documents/dbt_projects/virtualenv/lib/python3.12/site-packages/dbt_common/record.py", line 538, in record_replay_wrapper
    return func_to_record(*call_args, **kwargs)
           ^^^^^^^^^^^^^^^^^^^^^^^^^^^^^^^^^^^^
  File "/home/hanse/Documents/dbt_projects/virtualenv/lib/python3.12/site-packages/dbt/adapters/base/impl.py", line 471, in execute
    return self.connections.execute(sql=sql, auto_begin=auto_begin, fetch=fetch, limit=limit)
           ^^^^^^^^^^^^^^^^^^^^^^^^^^^^^^^^^^^^^^^^^^^^^^^^^^^^^^^^^^^^^^^^^^^^^^^^^^^^^^^^^^
  File "/home/hanse/Documents/dbt_projects/virtualenv/lib/python3.12/site-packages/dbt/adapters/bigquery/connections.py", line 305, in execute
    query_job, iterator = self.raw_execute(sql, limit=limit)
                          ^^^^^^^^^^^^^^^^^^^^^^^^^^^^^^^^^^
  File "/home/hanse/Documents/dbt_projects/virtualenv/lib/python3.12/site-packages/dbt/adapters/bigquery/connections.py", line 270, in raw_execute
    return self._query_and_results(
           ^^^^^^^^^^^^^^^^^^^^^^^^
  File "/home/hanse/Documents/dbt_projects/virtualenv/lib/python3.12/site-packages/dbt/adapters/bigquery/connections.py", line 589, in _query_and_results
    client: Client = conn.handle
                     ^^^^^^^^^^^
  File "/home/hanse/Documents/dbt_projects/virtualenv/lib/python3.12/site-packages/dbt/adapters/contracts/connection.py", line 96, in handle
    self._handle.resolve(self)
  File "/home/hanse/Documents/dbt_projects/virtualenv/lib/python3.12/site-packages/dbt/adapters/contracts/connection.py", line 120, in resolve
    return self.opener(connection)
           ^^^^^^^^^^^^^^^^^^^^^^^
  File "/home/hanse/Documents/dbt_projects/virtualenv/lib/python3.12/site-packages/dbt/adapters/bigquery/connections.py", line 195, in open
    connection.handle = create_bigquery_client(connection.credentials)
                        ^^^^^^^^^^^^^^^^^^^^^^^^^^^^^^^^^^^^^^^^^^^^^^
  File "/home/hanse/Documents/dbt_projects/virtualenv/lib/python3.12/site-packages/dbt/adapters/bigquery/clients.py", line 28, in create_bigquery_client
    return _create_bigquery_client(credentials)
           ^^^^^^^^^^^^^^^^^^^^^^^^^^^^^^^^^^^^
  File "/home/hanse/Documents/dbt_projects/virtualenv/lib/python3.12/site-packages/google/api_core/retry/retry_unary.py", line 294, in retry_wrapped_func
    return retry_target(
           ^^^^^^^^^^^^^
  File "/home/hanse/Documents/dbt_projects/virtualenv/lib/python3.12/site-packages/google/api_core/retry/retry_unary.py", line 147, in retry_target
    result = target()
             ^^^^^^^^
  File "/home/hanse/Documents/dbt_projects/virtualenv/lib/python3.12/site-packages/dbt/adapters/bigquery/clients.py", line 65, in _create_bigquery_client
    create_google_credentials(credentials),
    ^^^^^^^^^^^^^^^^^^^^^^^^^^^^^^^^^^^^^^
  File "/home/hanse/Documents/dbt_projects/virtualenv/lib/python3.12/site-packages/dbt/adapters/bigquery/credentials.py", line 204, in create_google_credentials
    return _create_google_credentials(credentials)
           ^^^^^^^^^^^^^^^^^^^^^^^^^^^^^^^^^^^^^^^
  File "/home/hanse/Documents/dbt_projects/virtualenv/lib/python3.12/site-packages/dbt/adapters/bigquery/credentials.py", line 223, in _create_google_credentials
    creds, _ = _create_bigquery_defaults(scopes=credentials.scopes)
               ^^^^^^^^^^^^^^^^^^^^^^^^^^^^^^^^^^^^^^^^^^^^^^^^^^^^
  File "/home/hanse/Documents/dbt_projects/virtualenv/lib/python3.12/site-packages/dbt/adapters/bigquery/credentials.py", line 298, in _create_bigquery_defaults
    return default(scopes=scopes)
           ^^^^^^^^^^^^^^^^^^^^^^
  File "/home/hanse/Documents/dbt_projects/virtualenv/lib/python3.12/site-packages/google/auth/_default.py", line 718, in default
    credentials, project_id = checker()
                              ^^^^^^^^^
  File "/home/hanse/Documents/dbt_projects/virtualenv/lib/python3.12/site-packages/google/auth/_default.py", line 712, in <lambda>
    lambda: _get_gcloud_sdk_credentials(quota_project_id=quota_project_id),
            ^^^^^^^^^^^^^^^^^^^^^^^^^^^^^^^^^^^^^^^^^^^^^^^^^^^^^^^^^^^^^^
  File "/home/hanse/Documents/dbt_projects/virtualenv/lib/python3.12/site-packages/google/auth/_default.py", line 322, in _get_gcloud_sdk_credentials
    project_id = _cloud_sdk.get_project_id()
                 ^^^^^^^^^^^^^^^^^^^^^^^^^^^
  File "/home/hanse/Documents/dbt_projects/virtualenv/lib/python3.12/site-packages/google/auth/_cloud_sdk.py", line 106, in get_project_id
    project = _run_subprocess_ignore_stderr(
              ^^^^^^^^^^^^^^^^^^^^^^^^^^^^^^
  File "/home/hanse/Documents/dbt_projects/virtualenv/lib/python3.12/site-packages/google/auth/_cloud_sdk.py", line 88, in _run_subprocess_ignore_stderr
    output = subprocess.check_output(command, stderr=devnull)
             ^^^^^^^^^^^^^^^^^^^^^^^^^^^^^^^^^^^^^^^^^^^^^^^^
  File "/usr/lib/python3.12/subprocess.py", line 466, in check_output
    return run(*popenargs, stdout=PIPE, timeout=timeout, check=True,
           ^^^^^^^^^^^^^^^^^^^^^^^^^^^^^^^^^^^^^^^^^^^^^^^^^^^^^^^^^
  File "/usr/lib/python3.12/subprocess.py", line 550, in run
    stdout, stderr = process.communicate(input, timeout=timeout)
                     ^^^^^^^^^^^^^^^^^^^^^^^^^^^^^^^^^^^^^^^^^^^
  File "/usr/lib/python3.12/subprocess.py", line 1196, in communicate
    stdout = self.stdout.read()
             ^^^^^^^^^^^^^^^^^^
KeyboardInterrupt

[0m15:37:08.626685 [debug] [MainThread]: Resource report: {"command_name": "debug", "command_success": false, "command_wall_clock_time": 14.455946, "process_in_blocks": "2768", "process_kernel_time": 3.715438, "process_mem_max_rss": "381176", "process_out_blocks": "32", "process_user_time": 11.720682}
[0m15:37:08.629078 [debug] [MainThread]: Command `dbt debug` failed at 15:37:08.628785 after 14.46 seconds
[0m15:37:08.630275 [debug] [MainThread]: Connection 'debug' was properly closed.
[0m15:37:08.631402 [debug] [MainThread]: Flushing usage events
